13:48:23.917 [main] DEBUG com.intuit.karate.Suite - [config] classpath:karate-config.js
13:48:28.264 [main] INFO  com.intuit.karate - karate.env system property was: null 
13:48:29.526 [main] DEBUG com.intuit.karate - request:
1 > GET https://jsonplaceholder.typicode.com/users
1 > Host: jsonplaceholder.typicode.com
1 > Connection: Keep-Alive
1 > User-Agent: Apache-HttpClient/4.5.13 (Java/11.0.15)
1 > Accept-Encoding: gzip,deflate


13:48:30.504 [main] DEBUG com.intuit.karate - response time in milliseconds: 915
1 < 200
1 < Date: Fri, 15 Jul 2022 08:18:30 GMT
1 < Content-Type: application/json; charset=utf-8
1 < Transfer-Encoding: chunked
1 < Connection: keep-alive
1 < X-Powered-By: Express
1 < X-Ratelimit-Limit: 1000
1 < X-Ratelimit-Remaining: 999
1 < X-Ratelimit-Reset: 1657375953
1 < Vary: Origin, Accept-Encoding
1 < Access-Control-Allow-Credentials: true
1 < Cache-Control: max-age=43200
1 < Pragma: no-cache
1 < Expires: -1
1 < X-Content-Type-Options: nosniff
1 < Etag: W/"160d-1eMSsxeJRfnVLRBmYJSbCiJZ1qQ"
1 < Via: 1.1 vegur
1 < CF-Cache-Status: HIT
1 < Age: 7254
1 < Expect-CT: max-age=604800, report-uri="https://report-uri.cloudflare.com/cdn-cgi/beacon/expect-ct"
1 < Report-To: {"endpoints":[{"url":"https:\/\/a.nel.cloudflare.com\/report\/v3?s=zYPDKAVX4%2BxwmNzQm9MzbJd3QlgRgCNsvTWDyJwfAKWvbmsQil6Ij9LPBYjEVvw9bcsUkhRjFbFali7qcYelXLwGTst2WJDjSVqbKq%2BE4XkNklyH8AgjIqDhnQ1uZRuJpo18ngBbqr4aQNTf%2FUL3"}],"group":"cf-nel","max_age":604800}
1 < NEL: {"success_fraction":0,"report_to":"cf-nel","max_age":604800}
1 < Server: cloudflare
1 < CF-RAY: 72b1115a4b758531-BOM
1 < alt-svc: h3=":443"; ma=86400, h3-29=":443"; ma=86400
[{"website":"hildegard.org","address":{"zipcode":"92998-3874","geo":{"lng":"81.1496","lat":"-37.3159"},"suite":"Apt. 556","city":"Gwenborough","street":"Kulas Light"},"phone":"1-770-736-8031 x56442","name":"Leanne Graham","company":{"bs":"harness real-time e-markets","catchPhrase":"Multi-layered client-server neural-net","name":"Romaguera-Crona"},"id":1,"email":"Sincere@april.biz","username":"Bret"},{"website":"anastasia.net","address":{"zipcode":"90566-7771","geo":{"lng":"-34.4618","lat":"-43.9509"},"suite":"Suite 879","city":"Wisokyburgh","street":"Victor Plains"},"phone":"010-692-6593 x09125","name":"Ervin Howell","company":{"bs":"synergize scalable supply-chains","catchPhrase":"Proactive didactic contingency","name":"Deckow-Crist"},"id":2,"email":"Shanna@melissa.tv","username":"Antonette"},{"website":"ramiro.info","address":{"zipcode":"59590-4157","geo":{"lng":"-47.0653","lat":"-68.6102"},"suite":"Suite 847","city":"McKenziehaven","street":"Douglas Extension"},"phone":"1-463-123-4447","name":"Clementine Bauch","company":{"bs":"e-enable strategic applications","catchPhrase":"Face to face bifurcated interface","name":"Romaguera-Jacobson"},"id":3,"email":"Nathan@yesenia.net","username":"Samantha"},{"website":"kale.biz","address":{"zipcode":"53919-4257","geo":{"lng":"-164.2990","lat":"29.4572"},"suite":"Apt. 692","city":"South Elvis","street":"Hoeger Mall"},"phone":"493-170-9623 x156","name":"Patricia Lebsack","company":{"bs":"transition cutting-edge web services","catchPhrase":"Multi-tiered zero tolerance productivity","name":"Robel-Corkery"},"id":4,"email":"Julianne.OConner@kory.org","username":"Karianne"},{"website":"demarco.info","address":{"zipcode":"33263","geo":{"lng":"62.5342","lat":"-31.8129"},"suite":"Suite 351","city":"Roscoeview","street":"Skiles Walks"},"phone":"(254)954-1289","name":"Chelsey Dietrich","company":{"bs":"revolutionize end-to-end systems","catchPhrase":"User-centric fault-tolerant solution","name":"Keebler LLC"},"id":5,"email":"Lucio_Hettinger@annie.ca","username":"Kamren"},{"website":"ola.org","address":{"zipcode":"23505-1337","geo":{"lng":"71.7478","lat":"-71.4197"},"suite":"Apt. 950","city":"South Christy","street":"Norberto Crossing"},"phone":"1-477-935-8478 x6430","name":"Mrs. Dennis Schulist","company":{"bs":"e-enable innovative applications","catchPhrase":"Synchronised bottom-line interface","name":"Considine-Lockman"},"id":6,"email":"Karley_Dach@jasper.info","username":"Leopoldo_Corkery"},{"website":"elvis.io","address":{"zipcode":"58804-1099","geo":{"lng":"21.8984","lat":"24.8918"},"suite":"Suite 280","city":"Howemouth","street":"Rex Trail"},"phone":"210.067.6132","name":"Kurtis Weissnat","company":{"bs":"generate enterprise e-tailers","catchPhrase":"Configurable multimedia task-force","name":"Johns Group"},"id":7,"email":"Telly.Hoeger@billy.biz","username":"Elwyn.Skiles"},{"website":"jacynthe.com","address":{"zipcode":"45169","geo":{"lng":"-120.7677","lat":"-14.3990"},"suite":"Suite 729","city":"Aliyaview","street":"Ellsworth Summit"},"phone":"586.493.6943 x140","name":"Nicholas Runolfsdottir V","company":{"bs":"e-enable extensible e-tailers","catchPhrase":"Implemented secondary concept","name":"Abernathy Group"},"id":8,"email":"Sherwood@rosamond.me","username":"Maxime_Nienow"},{"website":"conrad.com","address":{"zipcode":"76495-3109","geo":{"lng":"-168.8889","lat":"24.6463"},"suite":"Suite 449","city":"Bartholomebury","street":"Dayna Park"},"phone":"(775)976-6794 x41206","name":"Glenna Reichert","company":{"bs":"aggregate real-time technologies","catchPhrase":"Switchable contextually-based project","name":"Yost and Sons"},"id":9,"email":"Chaim_McDermott@dana.io","username":"Delphine"},{"website":"ambrose.net","address":{"zipcode":"31428-2261","geo":{"lng":"57.2232","lat":"-38.2386"},"suite":"Suite 198","city":"Lebsackbury","street":"Kattie Turnpike"},"phone":"024-648-3804","name":"Clementina DuBuque","company":{"bs":"target end-to-end models","catchPhrase":"Centralized empowering task-force","name":"Hoeger LLC"},"id":10,"email":"Rey.Padberg@karina.biz","username":"Moriah.Stanton"}]
13:48:30.551 [main] DEBUG com.intuit.karate - request:
2 > GET https://jsonplaceholder.typicode.com/users/1
2 > Host: jsonplaceholder.typicode.com
2 > Connection: Keep-Alive
2 > User-Agent: Apache-HttpClient/4.5.13 (Java/11.0.15)
2 > Accept-Encoding: gzip,deflate


13:48:30.832 [main] DEBUG com.intuit.karate - response time in milliseconds: 265
2 < 200
2 < Date: Fri, 15 Jul 2022 08:18:30 GMT
2 < Content-Type: application/json; charset=utf-8
2 < Transfer-Encoding: chunked
2 < Connection: keep-alive
2 < X-Powered-By: Express
2 < X-Ratelimit-Limit: 1000
2 < X-Ratelimit-Remaining: 999
2 < X-Ratelimit-Reset: 1655869848
2 < Vary: Origin, Accept-Encoding
2 < Access-Control-Allow-Credentials: true
2 < Cache-Control: max-age=43200
2 < Pragma: no-cache
2 < Expires: -1
2 < X-Content-Type-Options: nosniff
2 < Etag: W/"1fd-+2Y3G3w049iSZtw5t1mzSnunngE"
2 < Via: 1.1 vegur
2 < CF-Cache-Status: HIT
2 < Age: 15886
2 < Expect-CT: max-age=604800, report-uri="https://report-uri.cloudflare.com/cdn-cgi/beacon/expect-ct"
2 < Report-To: {"endpoints":[{"url":"https:\/\/a.nel.cloudflare.com\/report\/v3?s=zl34tqOiQKRRu%2BrfsjzkRP7c4RtWJhRB51PyuQy8178T67m3Q7VVFpXQkD6eOHEc6kF8aeoQu72HMWLCqV7Pt19DiI4KSTTzLr5NqmZGS0xrAH2yPuZuYYqqJ1en2fF7w11kRI0henaEPZulZwAw"}],"group":"cf-nel","max_age":604800}
2 < NEL: {"success_fraction":0,"report_to":"cf-nel","max_age":604800}
2 < Server: cloudflare
2 < CF-RAY: 72b1115cecfc847a-BOM
2 < alt-svc: h3=":443"; ma=86400, h3-29=":443"; ma=86400
{"website":"hildegard.org","address":{"zipcode":"92998-3874","geo":{"lng":"81.1496","lat":"-37.3159"},"suite":"Apt. 556","city":"Gwenborough","street":"Kulas Light"},"phone":"1-770-736-8031 x56442","name":"Leanne Graham","company":{"bs":"harness real-time e-markets","catchPhrase":"Multi-layered client-server neural-net","name":"Romaguera-Crona"},"id":1,"email":"Sincere@april.biz","username":"Bret"}
13:48:30.894 [main] INFO  com.intuit.karate - karate.env system property was: null 
13:48:31.113 [main] DEBUG com.intuit.karate - request:
1 > POST https://jsonplaceholder.typicode.com/users
1 > Content-Type: application/json; charset=UTF-8
1 > Content-Length: 160
1 > Host: jsonplaceholder.typicode.com
1 > Connection: Keep-Alive
1 > User-Agent: Apache-HttpClient/4.5.13 (Java/11.0.15)
1 > Accept-Encoding: gzip,deflate
{"address":{"zipcode":"54321-6789","suite":"Apt. 123","city":"Electri","street":"Has No Name"},"name":"Test User","email":"test@user.com","username":"testuser"}

13:48:31.863 [main] DEBUG com.intuit.karate - response time in milliseconds: 750
1 < 201
1 < Date: Fri, 15 Jul 2022 08:18:31 GMT
1 < Content-Type: application/json; charset=utf-8
1 < Content-Length: 216
1 < Connection: keep-alive
1 < X-Powered-By: Express
1 < X-Ratelimit-Limit: 1000
1 < X-Ratelimit-Remaining: 999
1 < X-Ratelimit-Reset: 1657873171
1 < Vary: Origin, X-HTTP-Method-Override, Accept-Encoding
1 < Access-Control-Allow-Credentials: true
1 < Cache-Control: no-cache
1 < Pragma: no-cache
1 < Expires: -1
1 < Access-Control-Expose-Headers: Location
1 < Location: http://jsonplaceholder.typicode.com/users/11
1 < X-Content-Type-Options: nosniff
1 < Etag: W/"d8-pYV7+YuMGP2hxHPU9ARrf97ifDA"
1 < Via: 1.1 vegur
1 < CF-Cache-Status: DYNAMIC
1 < Expect-CT: max-age=604800, report-uri="https://report-uri.cloudflare.com/cdn-cgi/beacon/expect-ct"
1 < Report-To: {"endpoints":[{"url":"https:\/\/a.nel.cloudflare.com\/report\/v3?s=XVk492Bf29bAZt%2FayIf64ZKHINhCVy27gfZ1FY1NEWpUyzs15kg1uPhS3pjk%2FvBDnZ4xk296mrPRKUwqBgVFIVyKUsNASyQ%2FYAY86BLz9Tp4ZinwL3HS7trUilnw1%2F%2FVRb0mrRiPhdF2JK5Ddy0s"}],"group":"cf-nel","max_age":604800}
1 < NEL: {"success_fraction":0,"report_to":"cf-nel","max_age":604800}
1 < Server: cloudflare
1 < CF-RAY: 72b1115fffb631ff-BOM
1 < alt-svc: h3=":443"; ma=86400, h3-29=":443"; ma=86400
{"address":{"zipcode":"54321-6789","suite":"Apt. 123","city":"Electri","street":"Has No Name"},"name":"Test User","id":11,"email":"test@user.com","username":"testuser"}
13:48:31.879 [main] INFO  com.intuit.karate - [print] created id is:  11 
